[debug] [2026-02-11T03:36:47.214Z] ----------------------------------------------------------------------
[debug] [2026-02-11T03:36:47.216Z] Command:       /nix/store/ws50yvm6vzlzf7jzz6n7xh4szddrack1-nodejs-20.19.1/bin/node /nix/store/c776mhyhgykcld7p90ajrka149ifn61a-firebase-tools-14.26.0/lib/node_modules/firebase-tools/lib/bin/firebase.js deploy
[debug] [2026-02-11T03:36:47.217Z] CLI Version:   14.26.0
[debug] [2026-02-11T03:36:47.217Z] Platform:      linux
[debug] [2026-02-11T03:36:47.217Z] Node Version:  v20.19.1
[debug] [2026-02-11T03:36:47.217Z] Time:          Wed Feb 11 2026 03:36:47 GMT+0000 (Coordinated Universal Time)
[debug] [2026-02-11T03:36:47.218Z] ----------------------------------------------------------------------
[debug] 
[debug] [2026-02-11T03:36:47.630Z] Checked if tokens are valid: true, expires at: 1770782514415
[debug] [2026-02-11T03:36:47.630Z] Checked if tokens are valid: true, expires at: 1770782514415
[debug] [2026-02-11T03:36:47.634Z] >>> [apiv2][query] GET https://monospace-pa.googleapis.com/v1/workspaces/best-10-ide-22445562 [none]
[debug] [2026-02-11T03:36:48.576Z] <<< [apiv2][status] GET https://monospace-pa.googleapis.com/v1/workspaces/best-10-ide-22445562 200
[debug] [2026-02-11T03:36:48.576Z] <<< [apiv2][body] GET https://monospace-pa.googleapis.com/v1/workspaces/best-10-ide-22445562 {"workspaceId":"best-10-ide-22445562","name":"BESTS","workspaceRedirectUrl":"firebase-best-10-ide-1770718642707.cluster-w5vd22whf5gmav2vgkomwtc4go.cloudworkstations.dev","status":"WORKSPACE_STATUS_RUNNING","lastAccessDatetime":"2026-02-11T02:06:49.761506Z","workspaceTemplate":"WORKSPACE_TEMPLATE_BLANK_WEB","owner":"SELF","serviceAccountEmail":"msp-2626509215028591183@monospace-2.iam.gserviceaccount.com","gitRepoUrl":"https://github.com/bonsai/best-10-ide","enableNix":true,"ownerEmail":"onsen.bonsai@gmail.com","workstationAccessToken":"eyJhbGciOiJSUzI1NiIsInR5cCI6IkpXVCJ9.eyJpc3MiOiJodHRwczovL2Nsb3VkLmdvb2dsZS5jb20vd29ya3N0YXRpb25zIiwiYXVkIjoiZmlyZWJhc2UtYmVzdC0xMC1pZGUtMTc3MDcxODY0MjcwNy5jbHVzdGVyLXc1dmQyMndoZjVnbWF2MnZna29td3RjNGdvLmNsb3Vkd29ya3N0YXRpb25zLmRldiIsImlhdCI6MTc3MDc4MTAwOCwiZXhwIjoxNzcwODY3NDA4fQ.VxLF4QiOr8muDwuyjvcOnlmbIfFMISy3OcdMlXL8HmUiozPdkvxqqeQbYwwY_gVpRV12Ie4kdFQSPRbXjy4FT41h-LKpb0U3jdL5pIMKASmGtQqTiCreISCmZ0PA-J98cdHA-EvFkCACJbzWvqyOhLiyXOjmWrXyhVCt2I3LJ-MztdZClzauJgFWQLYpc4iEDp5df7-keIR-vAWWs3BvBTckNETT0NgsmB_K0yVXRHc0A-ekBCuqrKGCiMOS-uu_eZs3obJJLlZoXgdVZp-eb11t3qINjMmBl3oZ1-UFg6UoevUYWfedxpyOh2mZPL3zXneo8NQ15ZtWUaj9mO2IdA","firebaseProjectId":"best-10-ide-22445562-d228a"}
[debug] [2026-02-11T03:36:48.579Z] > command requires scopes: ["email","openid","https://www.googleapis.com/auth/cloudplatformprojects.readonly","https://www.googleapis.com/auth/firebase","https://www.googleapis.com/auth/cloud-platform","https://www.googleapis.com/auth/userinfo.email"]
[debug] [2026-02-11T03:36:48.580Z] > authorizing via signed-in user (onsen.bonsai@gmail.com)
[debug] [2026-02-11T03:36:48.580Z] [iam] checking project best-10-ide-22445562-d228a for permissions ["cloudfunctions.functions.create","cloudfunctions.functions.delete","cloudfunctions.functions.get","cloudfunctions.functions.list","cloudfunctions.functions.update","cloudfunctions.operations.get","firebase.projects.get","firebasehosting.sites.update"]
[debug] [2026-02-11T03:36:48.581Z] Checked if tokens are valid: true, expires at: 1770782514415
[debug] [2026-02-11T03:36:48.581Z] Checked if tokens are valid: true, expires at: 1770782514415
[debug] [2026-02-11T03:36:48.581Z] >>> [apiv2][query] POST https://cloudresourcemanager.googleapis.com/v1/projects/best-10-ide-22445562-d228a:testIamPermissions [none]
[debug] [2026-02-11T03:36:48.581Z] >>> [apiv2][(partial)header] POST https://cloudresourcemanager.googleapis.com/v1/projects/best-10-ide-22445562-d228a:testIamPermissions x-goog-quota-user=projects/best-10-ide-22445562-d228a
[debug] [2026-02-11T03:36:48.581Z] >>> [apiv2][body] POST https://cloudresourcemanager.googleapis.com/v1/projects/best-10-ide-22445562-d228a:testIamPermissions {"permissions":["cloudfunctions.functions.create","cloudfunctions.functions.delete","cloudfunctions.functions.get","cloudfunctions.functions.list","cloudfunctions.functions.update","cloudfunctions.operations.get","firebase.projects.get","firebasehosting.sites.update"]}
[debug] [2026-02-11T03:36:49.335Z] <<< [apiv2][status] POST https://cloudresourcemanager.googleapis.com/v1/projects/best-10-ide-22445562-d228a:testIamPermissions 200
[debug] [2026-02-11T03:36:49.335Z] <<< [apiv2][body] POST https://cloudresourcemanager.googleapis.com/v1/projects/best-10-ide-22445562-d228a:testIamPermissions {"permissions":["cloudfunctions.functions.create","cloudfunctions.functions.delete","cloudfunctions.functions.get","cloudfunctions.functions.list","cloudfunctions.functions.update","cloudfunctions.operations.get","firebase.projects.get","firebasehosting.sites.update"]}
[debug] [2026-02-11T03:36:49.336Z] Checked if tokens are valid: true, expires at: 1770782514415
[debug] [2026-02-11T03:36:49.336Z] Checked if tokens are valid: true, expires at: 1770782514415
[debug] [2026-02-11T03:36:49.336Z] >>> [apiv2][query] POST https://iam.googleapis.com/v1/projects/best-10-ide-22445562-d228a/serviceAccounts/best-10-ide-22445562-d228a@appspot.gserviceaccount.com:testIamPermissions [none]
[debug] [2026-02-11T03:36:49.336Z] >>> [apiv2][body] POST https://iam.googleapis.com/v1/projects/best-10-ide-22445562-d228a/serviceAccounts/best-10-ide-22445562-d228a@appspot.gserviceaccount.com:testIamPermissions {"permissions":["iam.serviceAccounts.actAs"]}
[debug] [2026-02-11T03:36:50.304Z] <<< [apiv2][status] POST https://iam.googleapis.com/v1/projects/best-10-ide-22445562-d228a/serviceAccounts/best-10-ide-22445562-d228a@appspot.gserviceaccount.com:testIamPermissions 200
[debug] [2026-02-11T03:36:50.304Z] <<< [apiv2][body] POST https://iam.googleapis.com/v1/projects/best-10-ide-22445562-d228a/serviceAccounts/best-10-ide-22445562-d228a@appspot.gserviceaccount.com:testIamPermissions {"permissions":["iam.serviceAccounts.actAs"]}
[debug] [2026-02-11T03:36:50.305Z] Checked if tokens are valid: true, expires at: 1770782514415
[debug] [2026-02-11T03:36:50.305Z] Checked if tokens are valid: true, expires at: 1770782514415
[debug] [2026-02-11T03:36:50.306Z] >>> [apiv2][query] GET https://firebase.googleapis.com/v1beta1/projects/best-10-ide-22445562-d228a [none]
[debug] [2026-02-11T03:36:50.570Z] <<< [apiv2][status] GET https://firebase.googleapis.com/v1beta1/projects/best-10-ide-22445562-d228a 200
[debug] [2026-02-11T03:36:50.571Z] <<< [apiv2][body] GET https://firebase.googleapis.com/v1beta1/projects/best-10-ide-22445562-d228a {"projectId":"best-10-ide-22445562-d228a","projectNumber":"453601648043","displayName":"Firebase app","name":"projects/best-10-ide-22445562-d228a","resources":{"hostingSite":"best-10-ide-22445562-d228a"},"state":"ACTIVE","etag":"1_af34aee2-9c7a-4057-9adb-04ebc06b091f"}
[info] 
[info] === Deploying to 'best-10-ide-22445562-d228a'...
[info] 
[info] i  deploying functions, hosting 
[debug] [2026-02-11T03:36:50.584Z] Checked if tokens are valid: true, expires at: 1770782514415
[debug] [2026-02-11T03:36:50.584Z] Checked if tokens are valid: true, expires at: 1770782514415
[debug] [2026-02-11T03:36:50.584Z] >>> [apiv2][query] GET https://cloudresourcemanager.googleapis.com/v1/projects/best-10-ide-22445562-d228a [none]
[debug] [2026-02-11T03:36:50.777Z] <<< [apiv2][status] GET https://cloudresourcemanager.googleapis.com/v1/projects/best-10-ide-22445562-d228a 200
[debug] [2026-02-11T03:36:50.778Z] <<< [apiv2][body] GET https://cloudresourcemanager.googleapis.com/v1/projects/best-10-ide-22445562-d228a {"projectNumber":"453601648043","projectId":"best-10-ide-22445562-d228a","lifecycleState":"ACTIVE","name":"Firebase app","labels":{"firebase":"enabled","firebase-core":"disabled"},"createTime":"2026-02-10T10:47:57.452884Z"}
[info] i  functions: preparing codebase default for deployment 
[info] i  functions: ensuring required API cloudfunctions.googleapis.com is enabled... 
[info] i  functions: ensuring required API cloudbuild.googleapis.com is enabled... 
[info] i  artifactregistry: ensuring required API artifactregistry.googleapis.com is enabled... 
[debug] [2026-02-11T03:36:50.782Z] Checked if tokens are valid: true, expires at: 1770782514415
[debug] [2026-02-11T03:36:50.783Z] Checked if tokens are valid: true, expires at: 1770782514415
[debug] [2026-02-11T03:36:50.783Z] >>> [apiv2][query] GET https://firebase.googleapis.com/v1beta1/projects/best-10-ide-22445562-d228a/adminSdkConfig [none]
[debug] [2026-02-11T03:36:51.023Z] <<< [apiv2][status] GET https://firebase.googleapis.com/v1beta1/projects/best-10-ide-22445562-d228a/adminSdkConfig 200
[debug] [2026-02-11T03:36:51.025Z] <<< [apiv2][body] GET https://firebase.googleapis.com/v1beta1/projects/best-10-ide-22445562-d228a/adminSdkConfig {"projectId":"best-10-ide-22445562-d228a","storageBucket":"best-10-ide-22445562-d228a.firebasestorage.app"}
[debug] [2026-02-11T03:36:51.026Z] Checked if tokens are valid: true, expires at: 1770782514415
[debug] [2026-02-11T03:36:51.026Z] Checked if tokens are valid: true, expires at: 1770782514415
[debug] [2026-02-11T03:36:51.027Z] >>> [apiv2][query] GET https://runtimeconfig.googleapis.com/v1beta1/projects/best-10-ide-22445562-d228a/configs [none]
[debug] [2026-02-11T03:36:51.270Z] <<< [apiv2][status] GET https://runtimeconfig.googleapis.com/v1beta1/projects/best-10-ide-22445562-d228a/configs 200
[debug] [2026-02-11T03:36:51.270Z] <<< [apiv2][body] GET https://runtimeconfig.googleapis.com/v1beta1/projects/best-10-ide-22445562-d228a/configs {}
[debug] [2026-02-11T03:36:51.271Z] Validating nodejs source
[warn] ⚠  functions: Runtime Node.js 20 will be deprecated on 2026-04-30 and will be decommissioned on 2026-10-30, after which you will not be able to deploy without upgrading. Consider upgrading now to avoid disruption. See https://cloud.google.com/functions/docs/runtime-support for full details on the lifecycle policy 
[warn] ⚠  functions: package.json indicates an outdated version of firebase-functions. Please upgrade using npm install --save firebase-functions@latest in your functions directory. 
[warn] ⚠  functions: Please note that there will be breaking changes when you upgrade. 
[debug] [2026-02-11T03:36:51.827Z] > [functions] package.json contents: {
  "name": "functions",
  "description": "Cloud Functions for Firebase",
  "scripts": {
    "serve": "firebase emulators:start --only functions",
    "shell": "firebase functions:shell",
    "start": "npm run shell",
    "deploy": "./node_modules/.bin/firebase deploy --only functions",
    "logs": "firebase functions:log"
  },
  "engines": {
    "node": "20"
  },
  "main": "index.js",
  "dependencies": {
    "firebase-admin": "^11.11.1",
    "firebase-functions": "^4.9.0",
    "@google-cloud/storage": "^7.11.0"
  },
  "devDependencies": {
    "firebase-functions-test": "^3.1.0",
    "firebase-tools": "^11.30.0"
  },
  "private": true
}
[debug] [2026-02-11T03:36:51.827Z] Building nodejs source
[info] i  functions: Loading and analyzing source code for codebase default to determine what to deploy 
[info] i  functions: You are using a version of firebase-functions SDK (4.9.0) that does not have support for the newest Firebase Extensions features. Please update firebase-functions SDK to >=5.1.0 to use them correctly 
[debug] [2026-02-11T03:36:51.829Z] Could not find functions.yaml. Must use http discovery
[debug] [2026-02-11T03:36:51.837Z] Found firebase-functions binary at '/home/user/best-10-ide/functions/node_modules/.bin/firebase-functions'
[info] Serving at port 8832

[debug] [2026-02-11T03:36:52.264Z] Got response from /__/functions.yaml {"endpoints":{"api_v2":{"availableMemoryMb":null,"timeoutSeconds":null,"minInstances":null,"maxInstances":null,"ingressSettings":null,"concurrency":null,"serviceAccountEmail":null,"vpc":null,"platform":"gcfv2","cpu":1,"region":["us-central1"],"labels":{},"httpsTrigger":{},"entryPoint":"api_v2"}},"specVersion":"v1alpha1","requiredAPIs":[]}
[info] i  functions: preparing functions directory for uploading... 
[info] i  functions: packaged /home/user/best-10-ide/functions (157.36 KB) for uploading 
[debug] [2026-02-11T03:36:52.382Z] Checked if tokens are valid: true, expires at: 1770782514415
[debug] [2026-02-11T03:36:52.382Z] Checked if tokens are valid: true, expires at: 1770782514415
[debug] [2026-02-11T03:36:52.384Z] >>> [apiv2][query] GET https://cloudfunctions.googleapis.com/v1/projects/best-10-ide-22445562-d228a/locations/-/functions [none]
[debug] [2026-02-11T03:36:53.129Z] <<< [apiv2][status] GET https://cloudfunctions.googleapis.com/v1/projects/best-10-ide-22445562-d228a/locations/-/functions 200
[debug] [2026-02-11T03:36:53.129Z] <<< [apiv2][body] GET https://cloudfunctions.googleapis.com/v1/projects/best-10-ide-22445562-d228a/locations/-/functions {}
[debug] [2026-02-11T03:36:53.130Z] Checked if tokens are valid: true, expires at: 1770782514415
[debug] [2026-02-11T03:36:53.130Z] Checked if tokens are valid: true, expires at: 1770782514415
[debug] [2026-02-11T03:36:53.131Z] >>> [apiv2][query] GET https://cloudfunctions.googleapis.com/v2/projects/best-10-ide-22445562-d228a/locations/-/functions filter=environment%3D%22GEN_2%22
[debug] [2026-02-11T03:36:54.371Z] <<< [apiv2][status] GET https://cloudfunctions.googleapis.com/v2/projects/best-10-ide-22445562-d228a/locations/-/functions 200
[debug] [2026-02-11T03:36:54.371Z] <<< [apiv2][body] GET https://cloudfunctions.googleapis.com/v2/projects/best-10-ide-22445562-d228a/locations/-/functions {"functions":[{"name":"projects/best-10-ide-22445562-d228a/locations/us-central1/functions/api_v2","buildConfig":{"build":"projects/453601648043/locations/us-central1/builds/404b4257-956c-4b7e-9234-c345251d0c5e","runtime":"nodejs20","entryPoint":"api_v2","source":{"storageSource":{"bucket":"gcf-v2-sources-453601648043-us-central1","object":"api_v2/function-source.zip","generation":"1770780808017392"}},"environmentVariables":{"GOOGLE_NODE_RUN_SCRIPTS":""},"dockerRepository":"projects/best-10-ide-22445562-d228a/locations/us-central1/repositories/gcf-artifacts","sourceProvenance":{"resolvedStorageSource":{"bucket":"gcf-v2-sources-453601648043-us-central1","object":"api_v2/function-source.zip","generation":"1770780808017392"}},"dockerRegistry":"ARTIFACT_REGISTRY","serviceAccount":"projects/best-10-ide-22445562-d228a/serviceAccounts/453601648043-compute@developer.gserviceaccount.com","automaticUpdatePolicy":{}},"serviceConfig":{"service":"projects/best-10-ide-22445562-d228a/locations/us-central1/services/api-v2","timeoutSeconds":60,"environmentVariables":{"FIREBASE_CONFIG":"{\"projectId\":\"best-10-ide-22445562-d228a\",\"storageBucket\":\"best-10-ide-22445562-d228a.firebasestorage.app\"}","GCLOUD_PROJECT":"best-10-ide-22445562-d228a","EVENTARC_CLOUD_EVENT_SOURCE":"projects/best-10-ide-22445562-d228a/locations/us-central1/services/api_v2","FUNCTION_TARGET":"api_v2","LOG_EXECUTION_ID":"true"},"maxInstanceCount":20,"ingressSettings":"ALLOW_ALL","uri":"https://api-v2-lgjuedfyra-uc.a.run.app","serviceAccountEmail":"453601648043-compute@developer.gserviceaccount.com","availableMemory":"256Mi","allTrafficOnLatestRevision":true,"revision":"api-v2-00002-mis","maxInstanceRequestConcurrency":80,"availableCpu":"1"},"state":"ACTIVE","updateTime":"2026-02-11T03:34:27.712670104Z","labels":{"deployment-tool":"cli-firebase--project-idx","firebase-functions-hash":"4e6e2904df41c0c7d4646885fc4b3e6c178065e8"},"environment":"GEN_2","url":"https://us-central1-best-10-ide-22445562-d228a.cloudfunctions.net/api_v2","createTime":"2026-02-11T03:02:11.393144534Z","satisfiesPzi":true}]}
[info] i  functions: ensuring required API run.googleapis.com is enabled... 
[info] i  functions: ensuring required API eventarc.googleapis.com is enabled... 
[info] i  functions: ensuring required API pubsub.googleapis.com is enabled... 
[info] i  functions: ensuring required API storage.googleapis.com is enabled... 
[info] i  functions: generating the service identity for pubsub.googleapis.com... 
[debug] [2026-02-11T03:36:54.376Z] Checked if tokens are valid: true, expires at: 1770782514415
[debug] [2026-02-11T03:36:54.376Z] Checked if tokens are valid: true, expires at: 1770782514415
[info] i  functions: generating the service identity for eventarc.googleapis.com... 
[debug] [2026-02-11T03:36:54.377Z] Checked if tokens are valid: true, expires at: 1770782514415
[debug] [2026-02-11T03:36:54.377Z] Checked if tokens are valid: true, expires at: 1770782514415
[debug] [2026-02-11T03:36:54.377Z] >>> [apiv2][query] POST https://serviceusage.googleapis.com/v1beta1/projects/453601648043/services/pubsub.googleapis.com:generateServiceIdentity [none]
[debug] [2026-02-11T03:36:54.377Z] >>> [apiv2][(partial)header] POST https://serviceusage.googleapis.com/v1beta1/projects/453601648043/services/pubsub.googleapis.com:generateServiceIdentity x-goog-quota-user=projects/453601648043
[debug] [2026-02-11T03:36:54.377Z] >>> [apiv2][body] POST https://serviceusage.googleapis.com/v1beta1/projects/453601648043/services/pubsub.googleapis.com:generateServiceIdentity {}
[debug] [2026-02-11T03:36:54.379Z] >>> [apiv2][query] POST https://serviceusage.googleapis.com/v1beta1/projects/453601648043/services/eventarc.googleapis.com:generateServiceIdentity [none]
[debug] [2026-02-11T03:36:54.379Z] >>> [apiv2][(partial)header] POST https://serviceusage.googleapis.com/v1beta1/projects/453601648043/services/eventarc.googleapis.com:generateServiceIdentity x-goog-quota-user=projects/453601648043
[debug] [2026-02-11T03:36:54.379Z] >>> [apiv2][body] POST https://serviceusage.googleapis.com/v1beta1/projects/453601648043/services/eventarc.googleapis.com:generateServiceIdentity {}
[debug] [2026-02-11T03:36:55.469Z] <<< [apiv2][status] POST https://serviceusage.googleapis.com/v1beta1/projects/453601648043/services/pubsub.googleapis.com:generateServiceIdentity 200
[debug] [2026-02-11T03:36:55.469Z] <<< [apiv2][body] POST https://serviceusage.googleapis.com/v1beta1/projects/453601648043/services/pubsub.googleapis.com:generateServiceIdentity {"name":"operations/finished.DONE_OPERATION","done":true,"response":{"@type":"type.googleapis.com/google.api.serviceusage.v1beta1.ServiceIdentity","email":"service-453601648043@gcp-sa-pubsub.iam.gserviceaccount.com","uniqueId":"110538148489637742259"}}
[debug] [2026-02-11T03:36:55.543Z] <<< [apiv2][status] POST https://serviceusage.googleapis.com/v1beta1/projects/453601648043/services/eventarc.googleapis.com:generateServiceIdentity 200
[debug] [2026-02-11T03:36:55.544Z] <<< [apiv2][body] POST https://serviceusage.googleapis.com/v1beta1/projects/453601648043/services/eventarc.googleapis.com:generateServiceIdentity {"name":"operations/finished.DONE_OPERATION","done":true,"response":{"@type":"type.googleapis.com/google.api.serviceusage.v1beta1.ServiceIdentity","email":"service-453601648043@gcp-sa-eventarc.iam.gserviceaccount.com","uniqueId":"107044513728749154982"}}
[debug] [2026-02-11T03:36:55.548Z] Checked if tokens are valid: true, expires at: 1770782514415
[debug] [2026-02-11T03:36:55.548Z] Checked if tokens are valid: true, expires at: 1770782514415
[debug] [2026-02-11T03:36:55.548Z] >>> [apiv2][query] GET https://cloudresourcemanager.googleapis.com/v1/projects/best-10-ide-22445562-d228a [none]
[debug] [2026-02-11T03:36:55.721Z] <<< [apiv2][status] GET https://cloudresourcemanager.googleapis.com/v1/projects/best-10-ide-22445562-d228a 200
[debug] [2026-02-11T03:36:55.721Z] <<< [apiv2][body] GET https://cloudresourcemanager.googleapis.com/v1/projects/best-10-ide-22445562-d228a {"projectNumber":"453601648043","projectId":"best-10-ide-22445562-d228a","lifecycleState":"ACTIVE","name":"Firebase app","labels":{"firebase":"enabled","firebase-core":"disabled"},"createTime":"2026-02-10T10:47:57.452884Z"}
[debug] [2026-02-11T03:36:55.721Z] Checked if tokens are valid: true, expires at: 1770782514415
[debug] [2026-02-11T03:36:55.721Z] Checked if tokens are valid: true, expires at: 1770782514415
[debug] [2026-02-11T03:36:55.721Z] >>> [apiv2][query] GET https://compute.googleapis.com/compute/v1/projects/453601648043 [none]
[debug] [2026-02-11T03:36:55.942Z] <<< [apiv2][status] GET https://compute.googleapis.com/compute/v1/projects/453601648043 403
[debug] [2026-02-11T03:36:55.942Z] <<< [apiv2][body] GET https://compute.googleapis.com/compute/v1/projects/453601648043 {"error":{"code":403,"message":"Compute Engine API has not been used in project 453601648043 before or it is disabled. Enable it by visiting https://console.developers.google.com/apis/api/compute.googleapis.com/overview?project=453601648043 then retry. If you enabled this API recently, wait a few minutes for the action to propagate to our systems and retry.","errors":[{"message":"Compute Engine API has not been used in project 453601648043 before or it is disabled. Enable it by visiting https://console.developers.google.com/apis/api/compute.googleapis.com/overview?project=453601648043 then retry. If you enabled this API recently, wait a few minutes for the action to propagate to our systems and retry.","domain":"usageLimits","reason":"accessNotConfigured","extendedHelp":"https://console.developers.google.com"}],"status":"PERMISSION_DENIED","details":[{"@type":"type.googleapis.com/google.rpc.ErrorInfo","reason":"SERVICE_DISABLED","domain":"googleapis.com","metadata":{"consumer":"projects/453601648043","serviceTitle":"Compute Engine API","service":"compute.googleapis.com","activationUrl":"https://console.developers.google.com/apis/api/compute.googleapis.com/overview?project=453601648043","containerInfo":"453601648043"}},{"@type":"type.googleapis.com/google.rpc.LocalizedMessage","locale":"en-US","message":"Compute Engine API has not been used in project 453601648043 before or it is disabled. Enable it by visiting https://console.developers.google.com/apis/api/compute.googleapis.com/overview?project=453601648043 then retry. If you enabled this API recently, wait a few minutes for the action to propagate to our systems and retry."},{"@type":"type.googleapis.com/google.rpc.Help","links":[{"description":"Google developers console API activation","url":"https://console.developers.google.com/apis/api/compute.googleapis.com/overview?project=453601648043"}]}]}}
[debug] [2026-02-11T03:36:55.943Z] unable to look up default compute service account. Falling back to 453601648043-compute@developer.gserviceaccount.com. Error: {"name":"FirebaseError","children":[],"context":{"body":{"error":{"code":403,"message":"Compute Engine API has not been used in project 453601648043 before or it is disabled. Enable it by visiting https://console.developers.google.com/apis/api/compute.googleapis.com/overview?project=453601648043 then retry. If you enabled this API recently, wait a few minutes for the action to propagate to our systems and retry.","errors":[{"message":"Compute Engine API has not been used in project 453601648043 before or it is disabled. Enable it by visiting https://console.developers.google.com/apis/api/compute.googleapis.com/overview?project=453601648043 then retry. If you enabled this API recently, wait a few minutes for the action to propagate to our systems and retry.","domain":"usageLimits","reason":"accessNotConfigured","extendedHelp":"https://console.developers.google.com"}],"status":"PERMISSION_DENIED","details":[{"@type":"type.googleapis.com/google.rpc.ErrorInfo","reason":"SERVICE_DISABLED","domain":"googleapis.com","metadata":{"consumer":"projects/453601648043","serviceTitle":"Compute Engine API","service":"compute.googleapis.com","activationUrl":"https://console.developers.google.com/apis/api/compute.googleapis.com/overview?project=453601648043","containerInfo":"453601648043"}},{"@type":"type.googleapis.com/google.rpc.LocalizedMessage","locale":"en-US","message":"Compute Engine API has not been used in project 453601648043 before or it is disabled. Enable it by visiting https://console.developers.google.com/apis/api/compute.googleapis.com/overview?project=453601648043 then retry. If you enabled this API recently, wait a few minutes for the action to propagate to our systems and retry."},{"@type":"type.googleapis.com/google.rpc.Help","links":[{"description":"Google developers console API activation","url":"https://console.developers.google.com/apis/api/compute.googleapis.com/overview?project=453601648043"}]}]}},"response":{"statusCode":403}},"exit":1,"message":"Request to https://compute.googleapis.com/compute/v1/projects/453601648043 had HTTP Error: 403, Compute Engine API has not been used in project 453601648043 before or it is disabled. Enable it by visiting https://console.developers.google.com/apis/api/compute.googleapis.com/overview?project=453601648043 then retry. If you enabled this API recently, wait a few minutes for the action to propagate to our systems and retry.","status":403}
[debug] [2026-02-11T03:36:55.947Z] Checked if tokens are valid: true, expires at: 1770782514415
[debug] [2026-02-11T03:36:55.948Z] Checked if tokens are valid: true, expires at: 1770782514415
[debug] [2026-02-11T03:36:55.948Z] >>> [apiv2][query] POST https://firebasehosting.googleapis.com/v1beta1/projects/-/sites/best-10-ide-22445562-d228a/versions [none]
[debug] [2026-02-11T03:36:55.948Z] >>> [apiv2][body] POST https://firebasehosting.googleapis.com/v1beta1/projects/-/sites/best-10-ide-22445562-d228a/versions {"status":"CREATED","labels":{"deployment-tool":"cli-firebase--project-idx"}}
[debug] [2026-02-11T03:36:57.510Z] <<< [apiv2][status] POST https://firebasehosting.googleapis.com/v1beta1/projects/-/sites/best-10-ide-22445562-d228a/versions 200
[debug] [2026-02-11T03:36:57.511Z] <<< [apiv2][body] POST https://firebasehosting.googleapis.com/v1beta1/projects/-/sites/best-10-ide-22445562-d228a/versions {"name":"projects/453601648043/sites/best-10-ide-22445562-d228a/versions/2f98c30f68c9d551","status":"CREATED","config":{},"labels":{"deployment-tool":"cli-firebase--project-idx"}}
[debug] [2026-02-11T03:36:57.513Z] Checked if tokens are valid: true, expires at: 1770782514415
[debug] [2026-02-11T03:36:57.513Z] Checked if tokens are valid: true, expires at: 1770782514415
[debug] [2026-02-11T03:36:57.513Z] >>> [apiv2][query] POST https://cloudfunctions.googleapis.com/v2/projects/best-10-ide-22445562-d228a/locations/us-central1/functions:generateUploadUrl [none]
[debug] [2026-02-11T03:36:58.513Z] <<< [apiv2][status] POST https://cloudfunctions.googleapis.com/v2/projects/best-10-ide-22445562-d228a/locations/us-central1/functions:generateUploadUrl 200
[debug] [2026-02-11T03:36:58.513Z] <<< [apiv2][body] POST https://cloudfunctions.googleapis.com/v2/projects/best-10-ide-22445562-d228a/locations/us-central1/functions:generateUploadUrl {"uploadUrl":"https://storage.googleapis.com/gcf-v2-uploads-453601648043.us-central1.cloudfunctions.appspot.com/1a11586c-18c2-4405-a778-7e9abc43ff0a.zip?GoogleAccessId=service-453601648043@gcf-admin-robot.iam.gserviceaccount.com&Expires=1770782818&Signature=picN%2B8fFaO%2FVLMV%2FcUd00jNpTxHdo2w3I4KDUeVoxRphQKPIQY13rB69v9k4MuuScqMHgo9xGqDoNn37guBtat7JuapgKcwoiNpl3J0lCxERD2%2BeqwTgJwSRiE%2BHjdwrRQk1O1U4ZyYHM2p5QDu9idGespbFA4E66qXlqrcX8TDPVyfBfnxhyN%2BqcttH7FNANq2dgoydMZM01Um0tLANby70yTplFUJbsQKXnRrOGQBKdKRK8kES4Ryz8%2BHV%2BeTfjUZV%2FUoAqQNd7bWjGHXlpcfhHxEM00Iu%2FxuHcKtZ2vrHaFIGNPP09wPIr7P%2FvFOovshsH42ZgsH58gSl0%2FDeUw%3D%3D","storageSource":{"bucket":"gcf-v2-uploads-453601648043.us-central1.cloudfunctions.appspot.com","object":"1a11586c-18c2-4405-a778-7e9abc43ff0a.zip"}}
[debug] [2026-02-11T03:36:58.515Z] >>> [apiv2][query] PUT https://storage.googleapis.com/gcf-v2-uploads-453601648043.us-central1.cloudfunctions.appspot.com/1a11586c-18c2-4405-a778-7e9abc43ff0a.zip GoogleAccessId=service-453601648043%40gcf-admin-robot.iam.gserviceaccount.com&Expires=1770782818&Signature=picN%2B8fFaO%2FVLMV%2FcUd00jNpTxHdo2w3I4KDUeVoxRphQKPIQY13rB69v9k4MuuScqMHgo9xGqDoNn37guBtat7JuapgKcwoiNpl3J0lCxERD2%2BeqwTgJwSRiE%2BHjdwrRQk1O1U4ZyYHM2p5QDu9idGespbFA4E66qXlqrcX8TDPVyfBfnxhyN%2BqcttH7FNANq2dgoydMZM01Um0tLANby70yTplFUJbsQKXnRrOGQBKdKRK8kES4Ryz8%2BHV%2BeTfjUZV%2FUoAqQNd7bWjGHXlpcfhHxEM00Iu%2FxuHcKtZ2vrHaFIGNPP09wPIr7P%2FvFOovshsH42ZgsH58gSl0%2FDeUw%3D%3D
[debug] [2026-02-11T03:36:58.515Z] >>> [apiv2][body] PUT https://storage.googleapis.com/gcf-v2-uploads-453601648043.us-central1.cloudfunctions.appspot.com/1a11586c-18c2-4405-a778-7e9abc43ff0a.zip [stream]
[debug] [2026-02-11T03:37:00.019Z] <<< [apiv2][status] PUT https://storage.googleapis.com/gcf-v2-uploads-453601648043.us-central1.cloudfunctions.appspot.com/1a11586c-18c2-4405-a778-7e9abc43ff0a.zip 200
[debug] [2026-02-11T03:37:00.020Z] <<< [apiv2][body] PUT https://storage.googleapis.com/gcf-v2-uploads-453601648043.us-central1.cloudfunctions.appspot.com/1a11586c-18c2-4405-a778-7e9abc43ff0a.zip [omitted]
[info] ✔  functions: functions source uploaded successfully 
[info] i  hosting[best-10-ide-22445562-d228a]: beginning deploy... 
[info] i  hosting[best-10-ide-22445562-d228a]: found 4 files in dist 
[debug] [2026-02-11T03:37:00.045Z] [hosting] uploading with 200 concurrency
[debug] [2026-02-11T03:37:00.057Z] Checked if tokens are valid: true, expires at: 1770782514415
[debug] [2026-02-11T03:37:00.057Z] Checked if tokens are valid: true, expires at: 1770782514415
[debug] [2026-02-11T03:37:00.058Z] [hosting] hash cache [ZGlzdA] stored for 4 files
[debug] [2026-02-11T03:37:00.059Z] [hosting][hash queue][FINAL] {"max":8,"min":7,"avg":7.25,"active":0,"complete":4,"success":4,"errored":0,"retried":0,"total":4,"elapsed":11}
[debug] [2026-02-11T03:37:00.059Z] >>> [apiv2][query] POST https://firebasehosting.googleapis.com/v1beta1/projects/453601648043/sites/best-10-ide-22445562-d228a/versions/2f98c30f68c9d551:populateFiles [none]
[debug] [2026-02-11T03:37:00.059Z] >>> [apiv2][body] POST https://firebasehosting.googleapis.com/v1beta1/projects/453601648043/sites/best-10-ide-22445562-d228a/versions/2f98c30f68c9d551:populateFiles {"files":{"/index.html":"b8e85076dcfb41d664a7ed1f9269e64f4f89bcc3f6d7ee05fb4dfa586cfef1e9","/bbs.html":"0628f146cf54eda1ffe9a5f034c955f4a48348fff4328ff3f0fbe3ed88f6af91","/assets/main-K-GvqTO-.css":"fe6dd0e361a50d5e0a9935d481b07b4c7242031d7820005cba32e9c3a1415c77","/assets/main-B5pd7iTv.js":"9b03f184b5e2ce19b3935852dcc7642896069ff621a4c17d77c1fcd8c9241834"}}
[debug] [2026-02-11T03:37:00.618Z] <<< [apiv2][status] POST https://firebasehosting.googleapis.com/v1beta1/projects/453601648043/sites/best-10-ide-22445562-d228a/versions/2f98c30f68c9d551:populateFiles 200
[debug] [2026-02-11T03:37:00.618Z] <<< [apiv2][body] POST https://firebasehosting.googleapis.com/v1beta1/projects/453601648043/sites/best-10-ide-22445562-d228a/versions/2f98c30f68c9d551:populateFiles {"uploadUrl":"https://upload-firebasehosting.googleapis.com/upload/sites/best-10-ide-22445562-d228a/versions/2f98c30f68c9d551/files"}
[debug] [2026-02-11T03:37:00.618Z] [hosting][populate queue][FINAL] {"max":561,"min":561,"avg":561,"active":0,"complete":1,"success":1,"errored":0,"retried":0,"total":1,"elapsed":561}
[debug] [2026-02-11T03:37:00.618Z] [hosting] uploads queued: 0
[debug] [2026-02-11T03:37:00.619Z] [hosting][upload queue][FINAL] {"max":0,"min":9999999999,"avg":0,"active":0,"complete":0,"success":0,"errored":0,"retried":0,"total":0,"elapsed":1770781020619}
[info] ✔  hosting[best-10-ide-22445562-d228a]: file upload complete 
[debug] [2026-02-11T03:37:00.621Z] [hosting] deploy completed after 596ms
[info] i  functions: updating Node.js 20 (2nd Gen) function api_v2(us-central1)... 
[debug] [2026-02-11T03:37:00.628Z] Checked if tokens are valid: true, expires at: 1770782514415
[debug] [2026-02-11T03:37:00.628Z] Checked if tokens are valid: true, expires at: 1770782514415
[debug] [2026-02-11T03:37:00.629Z] >>> [apiv2][query] PATCH https://cloudfunctions.googleapis.com/v2/projects/best-10-ide-22445562-d228a/locations/us-central1/functions/api_v2 updateMask=name%2CbuildConfig.runtime%2CbuildConfig.entryPoint%2CbuildConfig.source.storageSource.bucket%2CbuildConfig.source.storageSource.object%2CbuildConfig.environmentVariables%2CbuildConfig.sourceToken%2CserviceConfig.environmentVariables%2CserviceConfig.ingressSettings%2CserviceConfig.timeoutSeconds%2CserviceConfig.serviceAccountEmail%2CserviceConfig.availableMemory%2CserviceConfig.minInstanceCount%2CserviceConfig.maxInstanceCount%2CserviceConfig.maxInstanceRequestConcurrency%2CserviceConfig.availableCpu%2CserviceConfig.vpcConnector%2CserviceConfig.vpcConnectorEgressSettings%2Clabels
[debug] [2026-02-11T03:37:00.629Z] >>> [apiv2][body] PATCH https://cloudfunctions.googleapis.com/v2/projects/best-10-ide-22445562-d228a/locations/us-central1/functions/api_v2 {"name":"projects/best-10-ide-22445562-d228a/locations/us-central1/functions/api_v2","buildConfig":{"runtime":"nodejs20","entryPoint":"api_v2","source":{"storageSource":{"bucket":"gcf-v2-uploads-453601648043.us-central1.cloudfunctions.appspot.com","object":"1a11586c-18c2-4405-a778-7e9abc43ff0a.zip"}},"environmentVariables":{"GOOGLE_NODE_RUN_SCRIPTS":""}},"serviceConfig":{"environmentVariables":{"FIREBASE_CONFIG":"{\"projectId\":\"best-10-ide-22445562-d228a\",\"storageBucket\":\"best-10-ide-22445562-d228a.firebasestorage.app\"}","GCLOUD_PROJECT":"best-10-ide-22445562-d228a","EVENTARC_CLOUD_EVENT_SOURCE":"projects/best-10-ide-22445562-d228a/locations/us-central1/services/api_v2","FUNCTION_TARGET":"api_v2","LOG_EXECUTION_ID":"true"},"ingressSettings":null,"timeoutSeconds":null,"serviceAccountEmail":null,"availableMemory":"256Mi","minInstanceCount":null,"maxInstanceCount":null,"maxInstanceRequestConcurrency":80,"availableCpu":"1","vpcConnector":null,"vpcConnectorEgressSettings":null},"labels":{"deployment-tool":"cli-firebase--project-idx","firebase-functions-hash":"fa1be47bcc1527aef1e0825cafe3021b639a6337"}}
[debug] [2026-02-11T03:37:02.357Z] <<< [apiv2][status] PATCH https://cloudfunctions.googleapis.com/v2/projects/best-10-ide-22445562-d228a/locations/us-central1/functions/api_v2 200
[debug] [2026-02-11T03:37:02.357Z] <<< [apiv2][body] PATCH https://cloudfunctions.googleapis.com/v2/projects/best-10-ide-22445562-d228a/locations/us-central1/functions/api_v2 {"name":"projects/best-10-ide-22445562-d228a/locations/us-central1/operations/operation-1770781021505-64a8415c30924-3c0d863c-c21926a7","metadata":{"@type":"type.googleapis.com/google.cloud.functions.v2.OperationMetadata","createTime":"2026-02-11T03:37:02.265762637Z","target":"projects/best-10-ide-22445562-d228a/locations/us-central1/functions/api_v2","verb":"update","cancelRequested":false,"apiVersion":"v2"},"done":false}
[debug] [2026-02-11T03:37:02.358Z] Checked if tokens are valid: true, expires at: 1770782514415
[debug] [2026-02-11T03:37:02.358Z] Checked if tokens are valid: true, expires at: 1770782514415
[debug] [2026-02-11T03:37:02.359Z] >>> [apiv2][query] GET https://cloudfunctions.googleapis.com/v2/projects/best-10-ide-22445562-d228a/locations/us-central1/operations/operation-1770781021505-64a8415c30924-3c0d863c-c21926a7 [none]
[debug] [2026-02-11T03:37:02.557Z] <<< [apiv2][status] GET https://cloudfunctions.googleapis.com/v2/projects/best-10-ide-22445562-d228a/locations/us-central1/operations/operation-1770781021505-64a8415c30924-3c0d863c-c21926a7 200
[debug] [2026-02-11T03:37:02.557Z] <<< [apiv2][body] GET https://cloudfunctions.googleapis.com/v2/projects/best-10-ide-22445562-d228a/locations/us-central1/operations/operation-1770781021505-64a8415c30924-3c0d863c-c21926a7 {"name":"projects/best-10-ide-22445562-d228a/locations/us-central1/operations/operation-1770781021505-64a8415c30924-3c0d863c-c21926a7","metadata":{"@type":"type.googleapis.com/google.cloud.functions.v2.OperationMetadata","createTime":"2026-02-11T03:37:02.265762637Z","target":"projects/best-10-ide-22445562-d228a/locations/us-central1/functions/api_v2","verb":"update","cancelRequested":false,"apiVersion":"v2","requestResource":{"@type":"type.googleapis.com/google.cloud.functions.v2.Function","name":"projects/best-10-ide-22445562-d228a/locations/us-central1/functions/api_v2","buildConfig":{"runtime":"nodejs20","entryPoint":"api_v2","source":{"storageSource":{"bucket":"gcf-v2-sources-453601648043-us-central1","object":"api_v2/function-source.zip","generation":"1770781022218570"}},"environmentVariables":{"GOOGLE_NODE_RUN_SCRIPTS":""},"dockerRepository":"projects/best-10-ide-22445562-d228a/locations/us-central1/repositories/gcf-artifacts","sourceProvenance":{"resolvedStorageSource":{"bucket":"gcf-v2-sources-453601648043-us-central1","object":"api_v2/function-source.zip","generation":"1770780808017392"}},"dockerRegistry":"ARTIFACT_REGISTRY","serviceAccount":"projects/best-10-ide-22445562-d228a/serviceAccounts/453601648043-compute@developer.gserviceaccount.com","automaticUpdatePolicy":{}},"serviceConfig":{"service":"projects/best-10-ide-22445562-d228a/locations/us-central1/services/api-v2","timeoutSeconds":60,"environmentVariables":{"FIREBASE_CONFIG":"{\"projectId\":\"best-10-ide-22445562-d228a\",\"storageBucket\":\"best-10-ide-22445562-d228a.firebasestorage.app\"}","GCLOUD_PROJECT":"best-10-ide-22445562-d228a","EVENTARC_CLOUD_EVENT_SOURCE":"projects/best-10-ide-22445562-d228a/locations/us-central1/services/api_v2","FUNCTION_TARGET":"api_v2","LOG_EXECUTION_ID":"true"},"ingressSettings":"ALLOW_ALL","uri":"https://api-v2-lgjuedfyra-uc.a.run.app","serviceAccountEmail":"453601648043-compute@developer.gserviceaccount.com","availableMemory":"256Mi","allTrafficOnLatestRevision":true,"revision":"api-v2-00002-mis","maxInstanceRequestConcurrency":80,"availableCpu":"1"},"state":"ACTIVE","labels":{"deployment-tool":"cli-firebase--project-idx","firebase-functions-hash":"fa1be47bcc1527aef1e0825cafe3021b639a6337"},"environment":"GEN_2","url":"https://us-central1-best-10-ide-22445562-d228a.cloudfunctions.net/api_v2","satisfiesPzi":true},"stages":[{"name":"BUILD","state":"NOT_STARTED","stateMessages":[{"severity":"WARNING","type":"BuildAnalysisWarning","message":"Node.js 20 is no longer supported by the Node.js community as of 30 April, 2026. Node.js 20 will be deprecated on 2026-04-30. We recommend you to upgrade to the latest version of Node.js as soon as possible."}]},{"name":"SERVICE","state":"NOT_STARTED"}],"operationType":"UPDATE_FUNCTION"},"done":false}
[debug] [2026-02-11T03:37:03.059Z] [update-default-us-central1-api_v2] Retrying task index 0
[debug] [2026-02-11T03:37:03.059Z] Checked if tokens are valid: true, expires at: 1770782514415
[debug] [2026-02-11T03:37:03.059Z] Checked if tokens are valid: true, expires at: 1770782514415
[debug] [2026-02-11T03:37:03.059Z] >>> [apiv2][query] GET https://cloudfunctions.googleapis.com/v2/projects/best-10-ide-22445562-d228a/locations/us-central1/operations/operation-1770781021505-64a8415c30924-3c0d863c-c21926a7 [none]
[debug] [2026-02-11T03:37:04.025Z] <<< [apiv2][status] GET https://cloudfunctions.googleapis.com/v2/projects/best-10-ide-22445562-d228a/locations/us-central1/operations/operation-1770781021505-64a8415c30924-3c0d863c-c21926a7 200
[debug] [2026-02-11T03:37:04.025Z] <<< [apiv2][body] GET https://cloudfunctions.googleapis.com/v2/projects/best-10-ide-22445562-d228a/locations/us-central1/operations/operation-1770781021505-64a8415c30924-3c0d863c-c21926a7 {"name":"projects/best-10-ide-22445562-d228a/locations/us-central1/operations/operation-1770781021505-64a8415c30924-3c0d863c-c21926a7","metadata":{"@type":"type.googleapis.com/google.cloud.functions.v2.OperationMetadata","createTime":"2026-02-11T03:37:02.265762637Z","target":"projects/best-10-ide-22445562-d228a/locations/us-central1/functions/api_v2","verb":"update","cancelRequested":false,"apiVersion":"v2","requestResource":{"@type":"type.googleapis.com/google.cloud.functions.v2.Function","name":"projects/best-10-ide-22445562-d228a/locations/us-central1/functions/api_v2","buildConfig":{"runtime":"nodejs20","entryPoint":"api_v2","source":{"storageSource":{"bucket":"gcf-v2-sources-453601648043-us-central1","object":"api_v2/function-source.zip","generation":"1770781022218570"}},"environmentVariables":{"GOOGLE_NODE_RUN_SCRIPTS":""},"dockerRepository":"projects/best-10-ide-22445562-d228a/locations/us-central1/repositories/gcf-artifacts","sourceProvenance":{"resolvedStorageSource":{"bucket":"gcf-v2-sources-453601648043-us-central1","object":"api_v2/function-source.zip","generation":"1770780808017392"}},"dockerRegistry":"ARTIFACT_REGISTRY","serviceAccount":"projects/best-10-ide-22445562-d228a/serviceAccounts/453601648043-compute@developer.gserviceaccount.com","automaticUpdatePolicy":{}},"serviceConfig":{"service":"projects/best-10-ide-22445562-d228a/locations/us-central1/services/api-v2","timeoutSeconds":60,"environmentVariables":{"FIREBASE_CONFIG":"{\"projectId\":\"best-10-ide-22445562-d228a\",\"storageBucket\":\"best-10-ide-22445562-d228a.firebasestorage.app\"}","GCLOUD_PROJECT":"best-10-ide-22445562-d228a","EVENTARC_CLOUD_EVENT_SOURCE":"projects/best-10-ide-22445562-d228a/locations/us-central1/services/api_v2","FUNCTION_TARGET":"api_v2","LOG_EXECUTION_ID":"true"},"ingressSettings":"ALLOW_ALL","uri":"https://api-v2-lgjuedfyra-uc.a.run.app","serviceAccountEmail":"453601648043-compute@developer.gserviceaccount.com","availableMemory":"256Mi","allTrafficOnLatestRevision":true,"revision":"api-v2-00002-mis","maxInstanceRequestConcurrency":80,"availableCpu":"1"},"state":"ACTIVE","labels":{"deployment-tool":"cli-firebase--project-idx","firebase-functions-hash":"fa1be47bcc1527aef1e0825cafe3021b639a6337"},"environment":"GEN_2","url":"https://us-central1-best-10-ide-22445562-d228a.cloudfunctions.net/api_v2","satisfiesPzi":true},"stages":[{"name":"BUILD","message":"Build in progress","state":"IN_PROGRESS","resource":"projects/453601648043/locations/us-central1/builds/08df76ec-4a81-4059-9b9f-7ddaa4854565","resourceUri":"https://console.cloud.google.com/cloud-build/builds;region=us-central1/08df76ec-4a81-4059-9b9f-7ddaa4854565?project=453601648043"},{"name":"SERVICE","state":"NOT_STARTED"}],"operationType":"UPDATE_FUNCTION","buildName":"projects/453601648043/locations/us-central1/builds/08df76ec-4a81-4059-9b9f-7ddaa4854565"},"done":false}
[debug] [2026-02-11T03:37:05.026Z] [update-default-us-central1-api_v2] Retrying task index 0
[debug] [2026-02-11T03:37:05.027Z] Checked if tokens are valid: true, expires at: 1770782514415
[debug] [2026-02-11T03:37:05.027Z] Checked if tokens are valid: true, expires at: 1770782514415
[debug] [2026-02-11T03:37:05.027Z] >>> [apiv2][query] GET https://cloudfunctions.googleapis.com/v2/projects/best-10-ide-22445562-d228a/locations/us-central1/operations/operation-1770781021505-64a8415c30924-3c0d863c-c21926a7 [none]
[debug] [2026-02-11T03:37:05.968Z] <<< [apiv2][status] GET https://cloudfunctions.googleapis.com/v2/projects/best-10-ide-22445562-d228a/locations/us-central1/operations/operation-1770781021505-64a8415c30924-3c0d863c-c21926a7 200
[debug] [2026-02-11T03:37:05.968Z] <<< [apiv2][body] GET https://cloudfunctions.googleapis.com/v2/projects/best-10-ide-22445562-d228a/locations/us-central1/operations/operation-1770781021505-64a8415c30924-3c0d863c-c21926a7 {"name":"projects/best-10-ide-22445562-d228a/locations/us-central1/operations/operation-1770781021505-64a8415c30924-3c0d863c-c21926a7","metadata":{"@type":"type.googleapis.com/google.cloud.functions.v2.OperationMetadata","createTime":"2026-02-11T03:37:02.265762637Z","target":"projects/best-10-ide-22445562-d228a/locations/us-central1/functions/api_v2","verb":"update","cancelRequested":false,"apiVersion":"v2","requestResource":{"@type":"type.googleapis.com/google.cloud.functions.v2.Function","name":"projects/best-10-ide-22445562-d228a/locations/us-central1/functions/api_v2","buildConfig":{"runtime":"nodejs20","entryPoint":"api_v2","source":{"storageSource":{"bucket":"gcf-v2-sources-453601648043-us-central1","object":"api_v2/function-source.zip","generation":"1770781022218570"}},"environmentVariables":{"GOOGLE_NODE_RUN_SCRIPTS":""},"dockerRepository":"projects/best-10-ide-22445562-d228a/locations/us-central1/repositories/gcf-artifacts","sourceProvenance":{"resolvedStorageSource":{"bucket":"gcf-v2-sources-453601648043-us-central1","object":"api_v2/function-source.zip","generation":"1770780808017392"}},"dockerRegistry":"ARTIFACT_REGISTRY","serviceAccount":"projects/best-10-ide-22445562-d228a/serviceAccounts/453601648043-compute@developer.gserviceaccount.com","automaticUpdatePolicy":{}},"serviceConfig":{"service":"projects/best-10-ide-22445562-d228a/locations/us-central1/services/api-v2","timeoutSeconds":60,"environmentVariables":{"FIREBASE_CONFIG":"{\"projectId\":\"best-10-ide-22445562-d228a\",\"storageBucket\":\"best-10-ide-22445562-d228a.firebasestorage.app\"}","GCLOUD_PROJECT":"best-10-ide-22445562-d228a","EVENTARC_CLOUD_EVENT_SOURCE":"projects/best-10-ide-22445562-d228a/locations/us-central1/services/api_v2","FUNCTION_TARGET":"api_v2","LOG_EXECUTION_ID":"true"},"ingressSettings":"ALLOW_ALL","uri":"https://api-v2-lgjuedfyra-uc.a.run.app","serviceAccountEmail":"453601648043-compute@developer.gserviceaccount.com","availableMemory":"256Mi","allTrafficOnLatestRevision":true,"revision":"api-v2-00002-mis","maxInstanceRequestConcurrency":80,"availableCpu":"1"},"state":"ACTIVE","labels":{"deployment-tool":"cli-firebase--project-idx","firebase-functions-hash":"fa1be47bcc1527aef1e0825cafe3021b639a6337"},"environment":"GEN_2","url":"https://us-central1-best-10-ide-22445562-d228a.cloudfunctions.net/api_v2","satisfiesPzi":true},"stages":[{"name":"BUILD","message":"Build in progress","state":"IN_PROGRESS","resource":"projects/453601648043/locations/us-central1/builds/08df76ec-4a81-4059-9b9f-7ddaa4854565","resourceUri":"https://console.cloud.google.com/cloud-build/builds;region=us-central1/08df76ec-4a81-4059-9b9f-7ddaa4854565?project=453601648043"},{"name":"SERVICE","state":"NOT_STARTED"}],"operationType":"UPDATE_FUNCTION","buildName":"projects/453601648043/locations/us-central1/builds/08df76ec-4a81-4059-9b9f-7ddaa4854565"},"done":false}
[debug] [2026-02-11T03:37:07.970Z] [update-default-us-central1-api_v2] Retrying task index 0
[debug] [2026-02-11T03:37:07.971Z] Checked if tokens are valid: true, expires at: 1770782514415
[debug] [2026-02-11T03:37:07.971Z] Checked if tokens are valid: true, expires at: 1770782514415
[debug] [2026-02-11T03:37:07.971Z] >>> [apiv2][query] GET https://cloudfunctions.googleapis.com/v2/projects/best-10-ide-22445562-d228a/locations/us-central1/operations/operation-1770781021505-64a8415c30924-3c0d863c-c21926a7 [none]
[debug] [2026-02-11T03:37:08.934Z] <<< [apiv2][status] GET https://cloudfunctions.googleapis.com/v2/projects/best-10-ide-22445562-d228a/locations/us-central1/operations/operation-1770781021505-64a8415c30924-3c0d863c-c21926a7 200
[debug] [2026-02-11T03:37:08.934Z] <<< [apiv2][body] GET https://cloudfunctions.googleapis.com/v2/projects/best-10-ide-22445562-d228a/locations/us-central1/operations/operation-1770781021505-64a8415c30924-3c0d863c-c21926a7 {"name":"projects/best-10-ide-22445562-d228a/locations/us-central1/operations/operation-1770781021505-64a8415c30924-3c0d863c-c21926a7","metadata":{"@type":"type.googleapis.com/google.cloud.functions.v2.OperationMetadata","createTime":"2026-02-11T03:37:02.265762637Z","target":"projects/best-10-ide-22445562-d228a/locations/us-central1/functions/api_v2","verb":"update","cancelRequested":false,"apiVersion":"v2","requestResource":{"@type":"type.googleapis.com/google.cloud.functions.v2.Function","name":"projects/best-10-ide-22445562-d228a/locations/us-central1/functions/api_v2","buildConfig":{"runtime":"nodejs20","entryPoint":"api_v2","source":{"storageSource":{"bucket":"gcf-v2-sources-453601648043-us-central1","object":"api_v2/function-source.zip","generation":"1770781022218570"}},"environmentVariables":{"GOOGLE_NODE_RUN_SCRIPTS":""},"dockerRepository":"projects/best-10-ide-22445562-d228a/locations/us-central1/repositories/gcf-artifacts","sourceProvenance":{"resolvedStorageSource":{"bucket":"gcf-v2-sources-453601648043-us-central1","object":"api_v2/function-source.zip","generation":"1770780808017392"}},"dockerRegistry":"ARTIFACT_REGISTRY","serviceAccount":"projects/best-10-ide-22445562-d228a/serviceAccounts/453601648043-compute@developer.gserviceaccount.com","automaticUpdatePolicy":{}},"serviceConfig":{"service":"projects/best-10-ide-22445562-d228a/locations/us-central1/services/api-v2","timeoutSeconds":60,"environmentVariables":{"FIREBASE_CONFIG":"{\"projectId\":\"best-10-ide-22445562-d228a\",\"storageBucket\":\"best-10-ide-22445562-d228a.firebasestorage.app\"}","GCLOUD_PROJECT":"best-10-ide-22445562-d228a","EVENTARC_CLOUD_EVENT_SOURCE":"projects/best-10-ide-22445562-d228a/locations/us-central1/services/api_v2","FUNCTION_TARGET":"api_v2","LOG_EXECUTION_ID":"true"},"ingressSettings":"ALLOW_ALL","uri":"https://api-v2-lgjuedfyra-uc.a.run.app","serviceAccountEmail":"453601648043-compute@developer.gserviceaccount.com","availableMemory":"256Mi","allTrafficOnLatestRevision":true,"revision":"api-v2-00002-mis","maxInstanceRequestConcurrency":80,"availableCpu":"1"},"state":"ACTIVE","labels":{"deployment-tool":"cli-firebase--project-idx","firebase-functions-hash":"fa1be47bcc1527aef1e0825cafe3021b639a6337"},"environment":"GEN_2","url":"https://us-central1-best-10-ide-22445562-d228a.cloudfunctions.net/api_v2","satisfiesPzi":true},"stages":[{"name":"BUILD","message":"Build in progress","state":"IN_PROGRESS","resource":"projects/453601648043/locations/us-central1/builds/08df76ec-4a81-4059-9b9f-7ddaa4854565","resourceUri":"https://console.cloud.google.com/cloud-build/builds;region=us-central1/08df76ec-4a81-4059-9b9f-7ddaa4854565?project=453601648043"},{"name":"SERVICE","state":"NOT_STARTED"}],"operationType":"UPDATE_FUNCTION","buildName":"projects/453601648043/locations/us-central1/builds/08df76ec-4a81-4059-9b9f-7ddaa4854565"},"done":false}
[debug] [2026-02-11T03:37:12.935Z] [update-default-us-central1-api_v2] Retrying task index 0
[debug] [2026-02-11T03:37:12.936Z] Checked if tokens are valid: true, expires at: 1770782514415
[debug] [2026-02-11T03:37:12.937Z] Checked if tokens are valid: true, expires at: 1770782514415
[debug] [2026-02-11T03:37:12.937Z] >>> [apiv2][query] GET https://cloudfunctions.googleapis.com/v2/projects/best-10-ide-22445562-d228a/locations/us-central1/operations/operation-1770781021505-64a8415c30924-3c0d863c-c21926a7 [none]
[debug] [2026-02-11T03:37:13.844Z] <<< [apiv2][status] GET https://cloudfunctions.googleapis.com/v2/projects/best-10-ide-22445562-d228a/locations/us-central1/operations/operation-1770781021505-64a8415c30924-3c0d863c-c21926a7 200
[debug] [2026-02-11T03:37:13.844Z] <<< [apiv2][body] GET https://cloudfunctions.googleapis.com/v2/projects/best-10-ide-22445562-d228a/locations/us-central1/operations/operation-1770781021505-64a8415c30924-3c0d863c-c21926a7 {"name":"projects/best-10-ide-22445562-d228a/locations/us-central1/operations/operation-1770781021505-64a8415c30924-3c0d863c-c21926a7","metadata":{"@type":"type.googleapis.com/google.cloud.functions.v2.OperationMetadata","createTime":"2026-02-11T03:37:02.265762637Z","target":"projects/best-10-ide-22445562-d228a/locations/us-central1/functions/api_v2","verb":"update","cancelRequested":false,"apiVersion":"v2","requestResource":{"@type":"type.googleapis.com/google.cloud.functions.v2.Function","name":"projects/best-10-ide-22445562-d228a/locations/us-central1/functions/api_v2","buildConfig":{"runtime":"nodejs20","entryPoint":"api_v2","source":{"storageSource":{"bucket":"gcf-v2-sources-453601648043-us-central1","object":"api_v2/function-source.zip","generation":"1770781022218570"}},"environmentVariables":{"GOOGLE_NODE_RUN_SCRIPTS":""},"dockerRepository":"projects/best-10-ide-22445562-d228a/locations/us-central1/repositories/gcf-artifacts","sourceProvenance":{"resolvedStorageSource":{"bucket":"gcf-v2-sources-453601648043-us-central1","object":"api_v2/function-source.zip","generation":"1770780808017392"}},"dockerRegistry":"ARTIFACT_REGISTRY","serviceAccount":"projects/best-10-ide-22445562-d228a/serviceAccounts/453601648043-compute@developer.gserviceaccount.com","automaticUpdatePolicy":{}},"serviceConfig":{"service":"projects/best-10-ide-22445562-d228a/locations/us-central1/services/api-v2","timeoutSeconds":60,"environmentVariables":{"FIREBASE_CONFIG":"{\"projectId\":\"best-10-ide-22445562-d228a\",\"storageBucket\":\"best-10-ide-22445562-d228a.firebasestorage.app\"}","GCLOUD_PROJECT":"best-10-ide-22445562-d228a","EVENTARC_CLOUD_EVENT_SOURCE":"projects/best-10-ide-22445562-d228a/locations/us-central1/services/api_v2","FUNCTION_TARGET":"api_v2","LOG_EXECUTION_ID":"true"},"ingressSettings":"ALLOW_ALL","uri":"https://api-v2-lgjuedfyra-uc.a.run.app","serviceAccountEmail":"453601648043-compute@developer.gserviceaccount.com","availableMemory":"256Mi","allTrafficOnLatestRevision":true,"revision":"api-v2-00002-mis","maxInstanceRequestConcurrency":80,"availableCpu":"1"},"state":"ACTIVE","labels":{"deployment-tool":"cli-firebase--project-idx","firebase-functions-hash":"fa1be47bcc1527aef1e0825cafe3021b639a6337"},"environment":"GEN_2","url":"https://us-central1-best-10-ide-22445562-d228a.cloudfunctions.net/api_v2","satisfiesPzi":true},"stages":[{"name":"BUILD","message":"Build in progress","state":"IN_PROGRESS","resource":"projects/453601648043/locations/us-central1/builds/08df76ec-4a81-4059-9b9f-7ddaa4854565","resourceUri":"https://console.cloud.google.com/cloud-build/builds;region=us-central1/08df76ec-4a81-4059-9b9f-7ddaa4854565?project=453601648043"},{"name":"SERVICE","state":"NOT_STARTED"}],"operationType":"UPDATE_FUNCTION","buildName":"projects/453601648043/locations/us-central1/builds/08df76ec-4a81-4059-9b9f-7ddaa4854565"},"done":false}
[debug] [2026-02-11T03:37:21.844Z] [update-default-us-central1-api_v2] Retrying task index 0
[debug] [2026-02-11T03:37:21.845Z] Checked if tokens are valid: true, expires at: 1770782514415
[debug] [2026-02-11T03:37:21.845Z] Checked if tokens are valid: true, expires at: 1770782514415
[debug] [2026-02-11T03:37:21.846Z] >>> [apiv2][query] GET https://cloudfunctions.googleapis.com/v2/projects/best-10-ide-22445562-d228a/locations/us-central1/operations/operation-1770781021505-64a8415c30924-3c0d863c-c21926a7 [none]
[debug] [2026-02-11T03:37:22.798Z] <<< [apiv2][status] GET https://cloudfunctions.googleapis.com/v2/projects/best-10-ide-22445562-d228a/locations/us-central1/operations/operation-1770781021505-64a8415c30924-3c0d863c-c21926a7 200
[debug] [2026-02-11T03:37:22.799Z] <<< [apiv2][body] GET https://cloudfunctions.googleapis.com/v2/projects/best-10-ide-22445562-d228a/locations/us-central1/operations/operation-1770781021505-64a8415c30924-3c0d863c-c21926a7 {"name":"projects/best-10-ide-22445562-d228a/locations/us-central1/operations/operation-1770781021505-64a8415c30924-3c0d863c-c21926a7","metadata":{"@type":"type.googleapis.com/google.cloud.functions.v2.OperationMetadata","createTime":"2026-02-11T03:37:02.265762637Z","target":"projects/best-10-ide-22445562-d228a/locations/us-central1/functions/api_v2","verb":"update","cancelRequested":false,"apiVersion":"v2","requestResource":{"@type":"type.googleapis.com/google.cloud.functions.v2.Function","name":"projects/best-10-ide-22445562-d228a/locations/us-central1/functions/api_v2","buildConfig":{"runtime":"nodejs20","entryPoint":"api_v2","source":{"storageSource":{"bucket":"gcf-v2-sources-453601648043-us-central1","object":"api_v2/function-source.zip","generation":"1770781022218570"}},"environmentVariables":{"GOOGLE_NODE_RUN_SCRIPTS":""},"dockerRepository":"projects/best-10-ide-22445562-d228a/locations/us-central1/repositories/gcf-artifacts","sourceProvenance":{"resolvedStorageSource":{"bucket":"gcf-v2-sources-453601648043-us-central1","object":"api_v2/function-source.zip","generation":"1770780808017392"}},"dockerRegistry":"ARTIFACT_REGISTRY","serviceAccount":"projects/best-10-ide-22445562-d228a/serviceAccounts/453601648043-compute@developer.gserviceaccount.com","automaticUpdatePolicy":{}},"serviceConfig":{"service":"projects/best-10-ide-22445562-d228a/locations/us-central1/services/api-v2","timeoutSeconds":60,"environmentVariables":{"FIREBASE_CONFIG":"{\"projectId\":\"best-10-ide-22445562-d228a\",\"storageBucket\":\"best-10-ide-22445562-d228a.firebasestorage.app\"}","GCLOUD_PROJECT":"best-10-ide-22445562-d228a","EVENTARC_CLOUD_EVENT_SOURCE":"projects/best-10-ide-22445562-d228a/locations/us-central1/services/api_v2","FUNCTION_TARGET":"api_v2","LOG_EXECUTION_ID":"true"},"ingressSettings":"ALLOW_ALL","uri":"https://api-v2-lgjuedfyra-uc.a.run.app","serviceAccountEmail":"453601648043-compute@developer.gserviceaccount.com","availableMemory":"256Mi","allTrafficOnLatestRevision":true,"revision":"api-v2-00002-mis","maxInstanceRequestConcurrency":80,"availableCpu":"1"},"state":"ACTIVE","labels":{"deployment-tool":"cli-firebase--project-idx","firebase-functions-hash":"fa1be47bcc1527aef1e0825cafe3021b639a6337"},"environment":"GEN_2","url":"https://us-central1-best-10-ide-22445562-d228a.cloudfunctions.net/api_v2","satisfiesPzi":true},"stages":[{"name":"BUILD","message":"Build in progress","state":"IN_PROGRESS","resource":"projects/453601648043/locations/us-central1/builds/08df76ec-4a81-4059-9b9f-7ddaa4854565","resourceUri":"https://console.cloud.google.com/cloud-build/builds;region=us-central1/08df76ec-4a81-4059-9b9f-7ddaa4854565?project=453601648043"},{"name":"SERVICE","state":"NOT_STARTED"}],"operationType":"UPDATE_FUNCTION","buildName":"projects/453601648043/locations/us-central1/builds/08df76ec-4a81-4059-9b9f-7ddaa4854565"},"done":false}
